<?xml version="1.0" encoding="UTF-8"?>
<!-- Generated by org.testng.reporters.JUnitReportReporter -->
<testsuite hostname="LAPTOP-4VVFQ6JD" failures="0" tests="6" name="MyTestCases" time="0.115" errors="0" timestamp="2024-07-04T20:38:34 EET" skipped="5">
  <testcase classname="MyTestCases" name="checkDepartureandReturnDates" time="0.115"/>
  <system-out/>
  <testcase classname="MyTestCases" name="checkHotelsTabIsNotSelected">
    <skipped/>
  </testcase> <!-- checkHotelsTabIsNotSelected -->
  <system-out/>
  <testcase classname="MyTestCases" name="checkLangauge">
    <skipped/>
  </testcase> <!-- checkLangauge -->
  <system-out/>
  <testcase classname="MyTestCases" name="checkMobileNumber">
    <skipped/>
  </testcase> <!-- checkMobileNumber -->
  <system-out/>
  <testcase classname="MyTestCases" name="checkCurrency">
    <skipped/>
  </testcase> <!-- checkCurrency -->
  <system-out/>
  <testcase classname="MyTestCases" name="checkQitafLogo">
    <skipped/>
  </testcase> <!-- checkQitafLogo -->
  <system-out/>
</testsuite> <!-- MyTestCases -->
