<?xml version="1.0" encoding="UTF-8"?>
<!-- Generated by org.testng.reporters.JUnitReportReporter -->
<testsuite hostname="LAPTOP-4VVFQ6JD" failures="0" tests="10" name="MyTestCases" time="3.958" errors="0" timestamp="2024-07-07T22:58:02 EET" skipped="7">
  <testcase classname="MyTestCases" name="checkHotelsTab" time="1.014"/>
  <system-out/>
  <testcase classname="MyTestCases" name="checkReservation" time="0.062"/>
  <system-out/>
  <testcase classname="MyTestCases" name="clickonSearch" time="2.882"/>
  <system-out/>
  <testcase classname="MyTestCases" name="checkLangauge">
    <skipped/>
  </testcase> <!-- checkLangauge -->
  <system-out/>
  <testcase classname="MyTestCases" name="checkHotelsTabIsNotSelected">
    <skipped/>
  </testcase> <!-- checkHotelsTabIsNotSelected -->
  <system-out/>
  <testcase classname="MyTestCases" name="checkMobileNumber">
    <skipped/>
  </testcase> <!-- checkMobileNumber -->
  <system-out/>
  <testcase classname="MyTestCases" name="checkDepartureandReturnDates">
    <skipped/>
  </testcase> <!-- checkDepartureandReturnDates -->
  <system-out/>
  <testcase classname="MyTestCases" name="checkCurrency">
    <skipped/>
  </testcase> <!-- checkCurrency -->
  <system-out/>
  <testcase classname="MyTestCases" name="checkLanguageIsSelectedRandomly">
    <skipped/>
  </testcase> <!-- checkLanguageIsSelectedRandomly -->
  <system-out/>
  <testcase classname="MyTestCases" name="checkQitafLogo">
    <skipped/>
  </testcase> <!-- checkQitafLogo -->
  <system-out/>
</testsuite> <!-- MyTestCases -->
